1689945885927:hello
1689945939972:exit
1690060242415:create
1690060358962:elp
1690060362484:help
1690060367929:create
1690060836189:stacktrace
1690061091246:create
1690061101366:stacktrace
1690061243751:create
1690063044414:help
1690063060032:create
1690063253603:help
1690063257923:create
1690063470950:help
1690064044442:create
1690064140725:quit
1690064546689:create
1690193370495:help
1690193376677:create
1690193387564:help create
1690201547640:create blubb
1690202260296:stacktrace
1690202604060:create
1690202611598:create blubb
1690202626676:create blubb_die 5.
1690202744845:create bernhard
1690203167680:create bubbletea
1690203351222:create a1
1690203383060:create a2
1690203551883:create a3
1690203740237:create a5
1690203764016:create a6
1690204012654:create b1
1690205035635:create b3
1690205061848:create c1
1690205094092:create c4
1690205341460:create d1
1690205367851:stacktrace
1690205502658:create a1
1690205518341:create -n a1
1690205853854:create a1
1690207743348:create a2
1690209048498:l
1690209054141:k
1690209110216:help
1690209113927:l
1690209117844:timesheet l
1690209143969:help
1690209154495:timesheet
1690209159247:timesheet l
1690209164282:l
1690209168899:timesheet list
1690209205709:ts l
1690209209984:help
1690209217969:ts list
1690278791438:help
1690278830230:show
1690278920569:help
1690278927859:s
1690279013969:help
1690279255984:quit
1690287239825:help
1690287242378:l
1690287778937:help
1690287788702:c blubb
1690287793764:l
1690290059229:stacktrace
1690290281373:l
1690295118350:d 38
1690295120330:l
1690295129016:s 9
1690295774869:l
1690295778582:s 9
1690295809118:l
1690295810893:s 9
1690296180759:l
1690296183319:s 9
1690296695099:l
1690296716491:s 9
1690297376005:stacktrace
1690297417136:s 9
1690297696186:l
1690297698416:d 9
1690297704039:l
1690297707889:stacktrace
1690351617454:help
1690362609338:b
1690363043756:help
1690363060793:c "Test Sheet 01"
1690363069453:help c
1690363124224:c "Test Sheet 01"
1690363133987:c Test Sheet 01
1690363198292:c Test SHeet 01
1690363218003:c "Test SHEET 02"
1690363257040:b help
1690363260080:help b
1690363301348:b 2 -a -t TestTag1 TestTag2 BlubbTag
1690363422918:b 2 -a -t HelloTags01 Blubb02
1690363545924:b 2 -t T1 T2 T3
1690364711864:b 2 -T1 T2 T3
1690364723361:b 2 -t T1 T2 T3
1690364964849:b 2 t1 t2 t4
1690364975905:b 2 -t t1 t2 t3 t4
1690365118311:b 2 -t T1 T2 T3 T4
1690365266257:b 2 -t T1 T2 T3 T4 T5
1690365420903:b 2 -t T1 T2
1690365444616:b 2 -t T1 T2 T3
1690365466195:v
1690365469770:l
1690365476184:v 2
1690372306911:l
1690372322264:v 2
1690372329278:help
1690372341950:s 1
1690372438655:e 1
1690372488000:l
1690372490859:v 2
1690372510700:e 4
1690372524380:v 2
1690372614702:e 5
1690372618098:s 5
1690372620480:e 5
1690372631779:v 2
1690373015279:stacktrace
1690373151583:v 2
1690373332827:d 4
1690373337526:l
1690373339735:v 2
1690373558104:l
1690373560058:v 2
1690373575763:r 4
1690373580038:v 2
1690373598242:r 10
1690373849415:v 2
1690374176219:l
1690374437247:v 2
1690374478490:e 2
1690374480875:v 2
